MIF/HEX Update report for DE2_115_Default
Thu Jul 05 12:34:43 2018
Quartus Prime Version 18.0.0 Build 614 04/24/2018 SJ Lite Edition


---------------------
; Table of Contents ;
---------------------
  1. Legal Notice
  2. MIF/HEX Update Summary
  3. MIF/HEX Update Processed Files
  4. MIF/HEX Update Messages



----------------
; Legal Notice ;
----------------
Copyright (C) 2018  Intel Corporation. All rights reserved.
Your use of Intel Corporation's design tools, logic functions 
and other software and tools, and its AMPP partner logic 
functions, and any output files from any of the foregoing 
(including device programming or simulation files), and any 
associated documentation or information are expressly subject 
to the terms and conditions of the Intel Program License 
Subscription Agreement, the Intel Quartus Prime License Agreement,
the Intel FPGA IP License Agreement, or other applicable license
agreement, including, without limitation, that your use is for
the sole purpose of programming logic devices manufactured by
Intel and sold by Intel or its authorized distributors.  Please
refer to the applicable agreement for further details.



+---------------------------------------------------------------+
; MIF/HEX Update Summary                                        ;
+-----------------------+---------------------------------------+
; MIF/HEX Update Status ; Successful - Thu Jul 05 12:34:43 2018 ;
; Revision Name         ; DE2_115_Default                       ;
; Top-level Entity Name ; DE2_115_Default                       ;
; Family                ; Cyclone IV E                          ;
; Device                ; EP4CE115F29C7                         ;
+-----------------------+---------------------------------------+


+---------------------------------------------------------------------+
; MIF/HEX Update Processed Files                                      ;
+---------------------------------------------------------------------+
; File Name                                                           ;
+---------------------------------------------------------------------+
; C:/Users/gabri/Downloads/DE2_115_Default/VGA_DATA/img_data_logo.mif ;
; C:/Users/gabri/Downloads/DE2_115_Default/vga_data/index_logo.mif    ;
+---------------------------------------------------------------------+


+-------------------------+
; MIF/HEX Update Messages ;
+-------------------------+
Info: *******************************************************************
Info: Running Quartus Prime MIF/HEX Update
    Info: Version 18.0.0 Build 614 04/24/2018 SJ Lite Edition
    Info: Processing started: Thu Jul 05 12:34:38 2018
Info: Command: quartus_cdb DE2_115_Default -c DE2_115_Default --update_mif
Info (39024): Processed the following Memory Initialization File(s)
    Info (39025): Processed Memory Initialization File C:/Users/gabri/Downloads/DE2_115_Default/VGA_DATA/img_data_logo.mif File: C:/Users/gabri/Downloads/DE2_115_Default/VGA_DATA/img_data_logo.mif Line: 0
    Info (39025): Processed Memory Initialization File C:/Users/gabri/Downloads/DE2_115_Default/vga_data/index_logo.mif File: C:/Users/gabri/Downloads/DE2_115_Default/vga_data/index_logo.mif Line: 0
Info: Quartus Prime MIF/HEX Update was successful. 0 errors, 0 warnings
    Info: Peak virtual memory: 4893 megabytes
    Info: Processing ended: Thu Jul 05 12:34:43 2018
    Info: Elapsed time: 00:00:05
    Info: Total CPU time (on all processors): 00:00:06


